#
# A fatal error has been detected by the Java Runtime Environment:
#
#  SIGFPE (0x8) at pc=0x0000000110017608, pid=10182, tid=0x0000000000001a03
#
# JRE version: OpenJDK Runtime Environment (8.0_282-b08) (build 1.8.0_282-b08)
# Java VM: OpenJDK 64-Bit Server VM (25.282-b08 mixed mode bsd-amd64 compressed oops)
# Problematic frame:
# j  com.sun.tools.javac.comp.ConstFold.fold2(ILcom/sun/tools/javac/code/Type;Lcom/sun/tools/javac/code/Type;)Lcom/sun/tools/javac/code/Type;+877
#
# Failed to write core dump. Core dumps have been disabled. To enable core dumping, try "ulimit -c unlimited" before starting Java again
#
# If you would like to submit a bug report, please visit:
#   https://github.com/AdoptOpenJDK/openjdk-support/issues
#

---------------  T H R E A D  ---------------

Current thread (0x00007fc89d009000):  JavaThread "main" [_thread_in_Java, id=6659, stack(0x0000000308590000,0x0000000308690000)]

siginfo: si_signo: 8 (SIGFPE), si_code: 5 (FPE_FLTINV), si_addr: 0x0000000110017608

Registers:
RAX=0x0000000000000001, RBX=0x000000000000006c, RCX=0x0000000000000000, RDX=0x0000000000000000
RSP=0x000000030868d6c0, RBP=0x000000030868d708, RSI=0x000000030868d660, RDI=0x000000011bdbb000
R8 =0x0000000000000000, R9 =0x0000000770e52478, R10=0x000000010ef18df0, R11=0x0000000110734c00
R12=0x0000000000000000, R13=0x000000012c7b0e38, R14=0x000000030868d740, R15=0x00007fc89d009000
RIP=0x0000000110017608, EFLAGS=0x0000000000000a83, ERR=0x0000000000000000
  TRAPNO=0x0000000000000000

Top of Stack: (sp=0x000000030868d6c0)
0x000000030868d6c0:   0000000770dee0a0 000000030868d6c8
0x000000030868d6d0:   000000012c7b0e35 000000030868d740
0x000000030868d6e0:   000000012c7b1b38 0000000000000000
0x000000030868d6f0:   000000012c7b16c8 0000000000000000
0x000000030868d700:   000000030868d728 000000030868d788
0x000000030868d710:   0000000110002d80 00000006c003f5b0
0x000000030868d720:   00000006c003f860 000000077261f928
0x000000030868d730:   000000077261f908 000000000000006c
0x000000030868d740:   0000000770dfdc60 000000030868d748
0x000000030868d750:   000000012c748992 000000030868d7d0
0x000000030868d760:   000000012c77b640 0000000000000000
0x000000030868d770:   000000012c748a30 000000030868d728
0x000000030868d780:   000000030868d7e0 0000000770dfbbb0
0x000000030868d790:   0000000110fdec0c 0000000000000000
0x000000030868d7a0:   000000000000006c 0000000770dee0a0
0x000000030868d7b0:   0000000770df7ca8 000000077261f928
0x000000030868d7c0:   000000077261f908 000000076af14788
0x000000030868d7d0:   0000000770dfbbb0 0000000110fdec0c
0x000000030868d7e0:   0000000772618140 00000001110a3880
0x000000030868d7f0:   000000030868d860 0000000110002ffd
0x000000030868d800:   0000000110002ffd 000000077261f8b8
0x000000030868d810:   0000000770dfbbb0 0000000110f6dca0
0x000000030868d820:   000000076af14788 000000012c790d6b
0x000000030868d830:   000000077261f888 000000077261f8e8
0x000000030868d840:   ee1bfcadee4c3028 0000000110002ffd
0x000000030868d850:   0000000110002ffd 0000000770dee0a0
0x000000030868d860:   000000030868d8d8 0000000110002d80
0x000000030868d870:   0000000110002d80 000000077261f8e8
0x000000030868d880:   000000077261f888 000000076af14788
0x000000030868d890:   0000000770dfbbb0 000000030868d898
0x000000030868d8a0:   000000012c742146 000000030868d900
0x000000030868d8b0:   000000012c77b640 000000012d039f08 

Instructions: (pc=0x0000000110017608)
0x00000001100175e8:   c8 8b 04 24 48 83 c4 08 81 f8 00 00 00 80 0f 85
0x00000001100175f8:   0b 00 00 00 33 d2 83 f9 ff 0f 84 03 00 00 00 99
0x0000000110017608:   f7 f9 41 0f b6 5d 01 49 ff c5 49 ba f0 8d f1 0e
0x0000000110017618:   01 00 00 00 41 ff 24 da 80 00 00 00 00 00 00 00 

Register to memory mapping:

RAX=0x0000000000000001 is an unknown value
RBX=0x000000000000006c is an unknown value
RCX=0x0000000000000000 is an unknown value
RDX=0x0000000000000000 is an unknown value
RSP=0x000000030868d6c0 is pointing into the stack for thread: 0x00007fc89d009000
RBP=0x000000030868d708 is pointing into the stack for thread: 0x00007fc89d009000
RSI=0x000000030868d660 is pointing into the stack for thread: 0x00007fc89d009000
RDI=0x000000011bdbb000 is an unknown value
R8 =0x0000000000000000 is an unknown value
R9 =0x0000000770e52478 is an oop
com.sun.tools.javac.code.Type$ClassType 
 - klass: 'com/sun/tools/javac/code/Type$ClassType'
R10=0x000000010ef18df0: _ZN19TemplateInterpreter13_active_tableE+0x2000 in /Users/wu/Apps/jdk8u282-b08/Contents/Home/jre/lib/server/libjvm.dylib at 0x000000010e800000
R11=0x0000000110734c00 is at entry_point+32 in (nmethod*)0x0000000110734a90
R12=0x0000000000000000 is an unknown value
R13=0x000000012c7b0e38 is pointing into metadata
R14=0x000000030868d740 is pointing into the stack for thread: 0x00007fc89d009000
R15=0x00007fc89d009000 is a thread


Stack: [0x0000000308590000,0x0000000308690000],  sp=0x000000030868d6c0,  free space=1013k
Native frames: (J=compiled Java code, j=interpreted, Vv=VM code, C=native code)
j  com.sun.tools.javac.comp.ConstFold.fold2(ILcom/sun/tools/javac/code/Type;Lcom/sun/tools/javac/code/Type;)Lcom/sun/tools/javac/code/Type;+877
j  com.sun.tools.javac.comp.Attr.visitBinary(Lcom/sun/tools/javac/tree/JCTree$JCBinary;)V+178
J 4499 C1 com.sun.tools.javac.tree.JCTree$JCBinary.accept(Lcom/sun/tools/javac/tree/JCTree$Visitor;)V (6 bytes) @ 0x0000000110fdec0c [0x0000000110fdeb00+0x10c]
J 4382 C2 com.sun.tools.javac.comp.Attr.attribTree(Lcom/sun/tools/javac/tree/JCTree;Lcom/sun/tools/javac/comp/Env;Lcom/sun/tools/javac/comp/Attr$ResultInfo;)Lcom/sun/tools/javac/code/Type; (148 bytes) @ 0x0000000110f6dca0 [0x0000000110f6dc00+0xa0]
j  com.sun.tools.javac.comp.Attr.attribExpr(Lcom/sun/tools/javac/tree/JCTree;Lcom/sun/tools/javac/comp/Env;Lcom/sun/tools/javac/code/Type;)Lcom/sun/tools/javac/code/Type;+30
j  com.sun.tools.javac.comp.Attr.visitVarDef(Lcom/sun/tools/javac/tree/JCTree$JCVariableDecl;)V+360
J 3765 C1 com.sun.tools.javac.tree.JCTree$JCVariableDecl.accept(Lcom/sun/tools/javac/tree/JCTree$Visitor;)V (6 bytes) @ 0x0000000110cefb4c [0x0000000110cefa40+0x10c]
J 4382 C2 com.sun.tools.javac.comp.Attr.attribTree(Lcom/sun/tools/javac/tree/JCTree;Lcom/sun/tools/javac/comp/Env;Lcom/sun/tools/javac/comp/Attr$ResultInfo;)Lcom/sun/tools/javac/code/Type; (148 bytes) @ 0x0000000110f6dca0 [0x0000000110f6dc00+0xa0]
J 4488 C1 com.sun.tools.javac.comp.Attr.attribStat(Lcom/sun/tools/javac/tree/JCTree;Lcom/sun/tools/javac/comp/Env;)Lcom/sun/tools/javac/code/Type; (11 bytes) @ 0x0000000110fd60d4 [0x0000000110fd6040+0x94]
j  com.sun.tools.javac.comp.Attr.attribStats(Lcom/sun/tools/javac/util/List;Lcom/sun/tools/javac/comp/Env;)V+18
j  com.sun.tools.javac.comp.Attr.visitBlock(Lcom/sun/tools/javac/tree/JCTree$JCBlock;)V+318
J 3966 C1 com.sun.tools.javac.tree.JCTree$JCBlock.accept(Lcom/sun/tools/javac/tree/JCTree$Visitor;)V (6 bytes) @ 0x0000000110db0ecc [0x0000000110db0dc0+0x10c]
J 4382 C2 com.sun.tools.javac.comp.Attr.attribTree(Lcom/sun/tools/javac/tree/JCTree;Lcom/sun/tools/javac/comp/Env;Lcom/sun/tools/javac/comp/Attr$ResultInfo;)Lcom/sun/tools/javac/code/Type; (148 bytes) @ 0x0000000110f6dca0 [0x0000000110f6dc00+0xa0]
J 4488 C1 com.sun.tools.javac.comp.Attr.attribStat(Lcom/sun/tools/javac/tree/JCTree;Lcom/sun/tools/javac/comp/Env;)Lcom/sun/tools/javac/code/Type; (11 bytes) @ 0x0000000110fd60d4 [0x0000000110fd6040+0x94]
j  com.sun.tools.javac.comp.Attr.visitWhileLoop(Lcom/sun/tools/javac/tree/JCTree$JCWhileLoop;)V+33
j  com.sun.tools.javac.tree.JCTree$JCWhileLoop.accept(Lcom/sun/tools/javac/tree/JCTree$Visitor;)V+2
J 4382 C2 com.sun.tools.javac.comp.Attr.attribTree(Lcom/sun/tools/javac/tree/JCTree;Lcom/sun/tools/javac/comp/Env;Lcom/sun/tools/javac/comp/Attr$ResultInfo;)Lcom/sun/tools/javac/code/Type; (148 bytes) @ 0x0000000110f6dca0 [0x0000000110f6dc00+0xa0]
J 4488 C1 com.sun.tools.javac.comp.Attr.attribStat(Lcom/sun/tools/javac/tree/JCTree;Lcom/sun/tools/javac/comp/Env;)Lcom/sun/tools/javac/code/Type; (11 bytes) @ 0x0000000110fd60d4 [0x0000000110fd6040+0x94]
j  com.sun.tools.javac.comp.Attr.attribStats(Lcom/sun/tools/javac/util/List;Lcom/sun/tools/javac/comp/Env;)V+18
j  com.sun.tools.javac.comp.Attr.visitBlock(Lcom/sun/tools/javac/tree/JCTree$JCBlock;)V+318
J 3966 C1 com.sun.tools.javac.tree.JCTree$JCBlock.accept(Lcom/sun/tools/javac/tree/JCTree$Visitor;)V (6 bytes) @ 0x0000000110db0ecc [0x0000000110db0dc0+0x10c]
J 4382 C2 com.sun.tools.javac.comp.Attr.attribTree(Lcom/sun/tools/javac/tree/JCTree;Lcom/sun/tools/javac/comp/Env;Lcom/sun/tools/javac/comp/Attr$ResultInfo;)Lcom/sun/tools/javac/code/Type; (148 bytes) @ 0x0000000110f6dca0 [0x0000000110f6dc00+0xa0]
J 4488 C1 com.sun.tools.javac.comp.Attr.attribStat(Lcom/sun/tools/javac/tree/JCTree;Lcom/sun/tools/javac/comp/Env;)Lcom/sun/tools/javac/code/Type; (11 bytes) @ 0x0000000110fd60d4 [0x0000000110fd6040+0x94]
j  com.sun.tools.javac.comp.Attr.visitMethodDef(Lcom/sun/tools/javac/tree/JCTree$JCMethodDecl;)V+1117
J 3777 C1 com.sun.tools.javac.tree.JCTree$JCMethodDecl.accept(Lcom/sun/tools/javac/tree/JCTree$Visitor;)V (6 bytes) @ 0x0000000110cf39cc [0x0000000110cf38c0+0x10c]
J 4382 C2 com.sun.tools.javac.comp.Attr.attribTree(Lcom/sun/tools/javac/tree/JCTree;Lcom/sun/tools/javac/comp/Env;Lcom/sun/tools/javac/comp/Attr$ResultInfo;)Lcom/sun/tools/javac/code/Type; (148 bytes) @ 0x0000000110f6dca0 [0x0000000110f6dc00+0xa0]
J 4488 C1 com.sun.tools.javac.comp.Attr.attribStat(Lcom/sun/tools/javac/tree/JCTree;Lcom/sun/tools/javac/comp/Env;)Lcom/sun/tools/javac/code/Type; (11 bytes) @ 0x0000000110fd60d4 [0x0000000110fd6040+0x94]
j  com.sun.tools.javac.comp.Attr.attribClassBody(Lcom/sun/tools/javac/comp/Env;Lcom/sun/tools/javac/code/Symbol$ClassSymbol;)V+472
j  com.sun.tools.javac.comp.Attr.attribClass(Lcom/sun/tools/javac/code/Symbol$ClassSymbol;)V+392
j  com.sun.tools.javac.comp.Attr.attribClass(Lcom/sun/tools/javac/util/JCDiagnostic$DiagnosticPosition;Lcom/sun/tools/javac/code/Symbol$ClassSymbol;)V+9
j  com.sun.tools.javac.comp.Attr.attrib(Lcom/sun/tools/javac/comp/Env;)V+36
j  com.sun.tools.javac.main.JavaCompiler.attribute(Lcom/sun/tools/javac/comp/Env;)Lcom/sun/tools/javac/comp/Env;+176
j  com.sun.tools.javac.main.JavaCompiler.compile2()V+177
j  com.sun.tools.javac.main.JavaCompiler.compile(Lcom/sun/tools/javac/util/List;Lcom/sun/tools/javac/util/List;Ljava/lang/Iterable;)V+165
j  com.sun.tools.javac.main.Main.compile([Ljava/lang/String;[Ljava/lang/String;Lcom/sun/tools/javac/util/Context;Lcom/sun/tools/javac/util/List;Ljava/lang/Iterable;)Lcom/sun/tools/javac/main/Main$Result;+1299
j  com.sun.tools.javac.api.JavacTaskImpl.doCall()Lcom/sun/tools/javac/main/Main$Result;+59
j  com.sun.tools.javac.api.JavacTaskImpl.call()Ljava/lang/Boolean;+1
j  org.codehaus.plexus.compiler.javac.JavaxToolsCompiler.compileInProcess([Ljava/lang/String;Lorg/codehaus/plexus/compiler/CompilerConfiguration;[Ljava/lang/String;)Lorg/codehaus/plexus/compiler/CompilerResult;+125
j  org.codehaus.plexus.compiler.javac.JavacCompiler.performCompile(Lorg/codehaus/plexus/compiler/CompilerConfiguration;)Lorg/codehaus/plexus/compiler/CompilerResult;+216
j  org.apache.maven.plugin.compiler.AbstractCompilerMojo.execute()V+2006
j  org.apache.maven.plugin.compiler.CompilerMojo.execute()V+20
j  org.apache.maven.plugin.DefaultBuildPluginManager.executeMojo(Lorg/apache/maven/execution/MavenSession;Lorg/apache/maven/plugin/MojoExecution;)V+152
j  org.apache.maven.lifecycle.internal.MojoExecutor.execute(Lorg/apache/maven/execution/MavenSession;Lorg/apache/maven/plugin/MojoExecution;Lorg/apache/maven/lifecycle/internal/ProjectIndex;Lorg/apache/maven/lifecycle/internal/DependencyContext;)V+215
j  org.apache.maven.lifecycle.internal.MojoExecutor.execute(Lorg/apache/maven/execution/MavenSession;Lorg/apache/maven/plugin/MojoExecution;Lorg/apache/maven/lifecycle/internal/ProjectIndex;Lorg/apache/maven/lifecycle/internal/DependencyContext;Lorg/apache/maven/lifecycle/internal/PhaseRecorder;)V+6
j  org.apache.maven.lifecycle.internal.MojoExecutor.execute(Lorg/apache/maven/execution/MavenSession;Ljava/util/List;Lorg/apache/maven/lifecycle/internal/ProjectIndex;)V+60
j  org.apache.maven.lifecycle.internal.LifecycleModuleBuilder.buildProject(Lorg/apache/maven/execution/MavenSession;Lorg/apache/maven/execution/MavenSession;Lorg/apache/maven/lifecycle/internal/ReactorContext;Lorg/apache/maven/project/MavenProject;Lorg/apache/maven/lifecycle/internal/TaskSegment;)V+179
j  org.apache.maven.lifecycle.internal.LifecycleModuleBuilder.buildProject(Lorg/apache/maven/execution/MavenSession;Lorg/apache/maven/lifecycle/internal/ReactorContext;Lorg/apache/maven/project/MavenProject;Lorg/apache/maven/lifecycle/internal/TaskSegment;)V+7
j  org.apache.maven.lifecycle.internal.builder.singlethreaded.SingleThreadedBuilder.build(Lorg/apache/maven/execution/MavenSession;Lorg/apache/maven/lifecycle/internal/ReactorContext;Lorg/apache/maven/lifecycle/internal/ProjectBuildList;Ljava/util/List;Lorg/apache/maven/lifecycle/internal/ReactorBuildStatus;)V+77
j  org.apache.maven.lifecycle.internal.LifecycleStarter.execute(Lorg/apache/maven/execution/MavenSession;)V+348
j  org.apache.maven.DefaultMaven.doExecute(Lorg/apache/maven/execution/MavenExecutionRequest;Lorg/apache/maven/execution/MavenSession;Lorg/apache/maven/execution/MavenExecutionResult;Lorg/eclipse/aether/DefaultRepositorySystemSession;)Lorg/apache/maven/execution/MavenExecutionResult;+425
j  org.apache.maven.DefaultMaven.doExecute(Lorg/apache/maven/execution/MavenExecutionRequest;)Lorg/apache/maven/execution/MavenExecutionResult;+98
j  org.apache.maven.DefaultMaven.execute(Lorg/apache/maven/execution/MavenExecutionRequest;)Lorg/apache/maven/execution/MavenExecutionResult;+2
j  org.apache.maven.cli.MavenCli.execute(Lorg/apache/maven/cli/CliRequest;)I+27
j  org.apache.maven.cli.MavenCli.doMain(Lorg/apache/maven/cli/CliRequest;)I+66
j  org.apache.maven.cli.MavenCli.main([Ljava/lang/String;Lorg/codehaus/plexus/classworlds/ClassWorld;)I+24
v  ~StubRoutines::call_stub
V  [libjvm.dylib+0x2c891f]  JavaCalls::call_helper(JavaValue*, methodHandle*, JavaCallArguments*, Thread*)+0x691
V  [libjvm.dylib+0x4d42a2]  Reflection::invoke(instanceKlassHandle, methodHandle, Handle, bool, objArrayHandle, BasicType, objArrayHandle, bool, Thread*)+0x752
V  [libjvm.dylib+0x4d4e5a]  Reflection::invoke_method(oopDesc*, Handle, objArrayHandle, Thread*)+0x18a
V  [libjvm.dylib+0x34351a]  JVM_InvokeMethod+0x210
j  sun.reflect.NativeMethodAccessorImpl.invoke0(Ljava/lang/reflect/Method;Ljava/lang/Object;[Ljava/lang/Object;)Ljava/lang/Object;+0
j  sun.reflect.NativeMethodAccessorImpl.invoke(Ljava/lang/Object;[Ljava/lang/Object;)Ljava/lang/Object;+100
j  sun.reflect.DelegatingMethodAccessorImpl.invoke(Ljava/lang/Object;[Ljava/lang/Object;)Ljava/lang/Object;+6
j  java.lang.reflect.Method.invoke(Ljava/lang/Object;[Ljava/lang/Object;)Ljava/lang/Object;+56
j  org.codehaus.plexus.classworlds.launcher.Launcher.launchEnhanced([Ljava/lang/String;)V+45
j  org.codehaus.plexus.classworlds.launcher.Launcher.launch([Ljava/lang/String;)V+2
j  org.codehaus.plexus.classworlds.launcher.Launcher.mainWithExitCode([Ljava/lang/String;)I+101
j  org.codehaus.plexus.classworlds.launcher.Launcher.main([Ljava/lang/String;)V+1
v  ~StubRoutines::call_stub
V  [libjvm.dylib+0x2c891f]  JavaCalls::call_helper(JavaValue*, methodHandle*, JavaCallArguments*, Thread*)+0x691
V  [libjvm.dylib+0x303393]  jni_invoke_static(JNIEnv_*, JavaValue*, _jobject*, JNICallType, _jmethodID*, JNI_ArgumentPusher*, Thread*)+0x248
V  [libjvm.dylib+0x306a12]  jni_CallStaticVoidMethod+0x1f7
C  [java+0x2d92]  JavaMain+0x9df
C  [libsystem_pthread.dylib+0x6950]  _pthread_start+0xe0
C  [libsystem_pthread.dylib+0x247b]  thread_start+0xf
C  0x0000000000000000


---------------  P R O C E S S  ---------------

Java Threads: ( => current thread )
  0x00007fc89d0a1000 JavaThread "Service Thread" daemon [_thread_blocked, id=24071, stack(0x00000003097d2000,0x00000003098d2000)]
  0x00007fc89c850000 JavaThread "C1 CompilerThread3" daemon [_thread_blocked, id=23299, stack(0x00000003096cf000,0x00000003097cf000)]
  0x00007fc89c84f000 JavaThread "C2 CompilerThread2" daemon [_thread_blocked, id=41731, stack(0x00000003095cc000,0x00000003096cc000)]
  0x00007fc89c820000 JavaThread "C2 CompilerThread1" daemon [_thread_blocked, id=41987, stack(0x00000003094c9000,0x00000003095c9000)]
  0x00007fc89c84d800 JavaThread "C2 CompilerThread0" daemon [_thread_blocked, id=42243, stack(0x00000003093c6000,0x00000003094c6000)]
  0x00007fc89c84b800 JavaThread "Signal Dispatcher" daemon [_thread_blocked, id=42499, stack(0x00000003092c3000,0x00000003093c3000)]
  0x00007fc89c817800 JavaThread "Finalizer" daemon [_thread_blocked, id=17443, stack(0x00000003090b1000,0x00000003091b1000)]
  0x00007fc89c814800 JavaThread "Reference Handler" daemon [_thread_blocked, id=17955, stack(0x0000000308fae000,0x00000003090ae000)]
=>0x00007fc89d009000 JavaThread "main" [_thread_in_Java, id=6659, stack(0x0000000308590000,0x0000000308690000)]

Other Threads:
  0x00007fc89d051000 VMThread [stack: 0x0000000308eab000,0x0000000308fab000] [id=13059]
  0x00007fc89b837800 WatcherThread [stack: 0x00000003098d5000,0x00000003099d5000] [id=24835]

VM state:not at safepoint (normal execution)

VM Mutex/Monitor currently owned by a thread: None

heap address: 0x00000006c0000000, size: 4096 MB, Compressed Oops mode: Zero based, Oop shift amount: 3
Narrow klass base: 0x0000000000000000, Narrow klass shift: 3
Compressed class space size: 1073741824 Address: 0x00000007c0000000

Heap:
 PSYoungGen      total 141824K, used 126526K [0x000000076ab00000, 0x000000077c000000, 0x00000007c0000000)
  eden space 131072K, 96% used [0x000000076ab00000,0x000000077268faa0,0x0000000772b00000)
  from space 10752K, 0% used [0x0000000772b00000,0x0000000772b00000,0x0000000773580000)
  to   space 10752K, 0% used [0x000000077b580000,0x000000077b580000,0x000000077c000000)
 ParOldGen       total 88064K, used 8995K [0x00000006c0000000, 0x00000006c5600000, 0x000000076ab00000)
  object space 88064K, 10% used [0x00000006c0000000,0x00000006c08c8d00,0x00000006c5600000)
 Metaspace       used 24889K, capacity 25412K, committed 25600K, reserved 1071104K
  class space    used 2884K, capacity 3017K, committed 3072K, reserved 1048576K

Card table byte_map: [0x000000011f3bb000,0x000000011fbbc000] byte_map_base: 0x000000011bdbb000

Marking Bits: (ParMarkBitMap*) 0x000000010ef10e38
 Begin Bits: [0x0000000120112000, 0x0000000124112000)
 End Bits:   [0x0000000124112000, 0x0000000128112000)

Polling page: 0x000000010a3db000

CodeCache: size=245760Kb used=17858Kb max_used=17861Kb free=227901Kb
 bounds [0x000000010fffb000, 0x000000011118b000, 0x000000011effb000]
 total_blobs=5267 nmethods=4852 adapters=328
 compilation: enabled

Compilation events (10 events):
Event: 5.526 Thread 0x00007fc89c84d800 nmethod 4861 0x0000000111177750 code [0x00000001111778a0, 0x0000000111177968]
Event: 5.530 Thread 0x00007fc89c850000 4862       3       com.sun.tools.javac.comp.Infer$InferenceException::clear (8 bytes)
Event: 5.530 Thread 0x00007fc89c850000 nmethod 4862 0x000000011117c990 code [0x000000011117cb00, 0x000000011117ccd0]
Event: 5.530 Thread 0x00007fc89c850000 4863       3       com.sun.tools.javac.code.Types::createMethodTypeWithReturn (13 bytes)
Event: 5.530 Thread 0x00007fc89c850000 nmethod 4863 0x000000011117c410 code [0x000000011117c580, 0x000000011117c888]
Event: 5.530 Thread 0x00007fc89c850000 4864       3       com.sun.tools.javac.code.Types$25::visitMethodType (10 bytes)
Event: 5.530 Thread 0x00007fc89c850000 nmethod 4864 0x000000011117bad0 code [0x000000011117bc60, 0x000000011117c150]
Event: 5.531 Thread 0x00007fc89c850000 4865   !   3       com.sun.tools.javac.comp.Check$Validator::validateTree (87 bytes)
Event: 5.531 Thread 0x00007fc89c850000 nmethod 4865 0x000000011117b110 code [0x000000011117b2c0, 0x000000011117b7c8]
Event: 5.532 Thread 0x00007fc89c850000 4866   !   3       com.sun.tools.javac.code.Types::isFunctionalInterface (11 bytes)

GC Heap History (8 events):
Event: 0.981 GC heap before
{Heap before GC invocations=1 (full 0):
 PSYoungGen      total 76288K, used 65536K [0x000000076ab00000, 0x0000000770000000, 0x00000007c0000000)
  eden space 65536K, 100% used [0x000000076ab00000,0x000000076eb00000,0x000000076eb00000)
  from space 10752K, 0% used [0x000000076f580000,0x000000076f580000,0x0000000770000000)
  to   space 10752K, 0% used [0x000000076eb00000,0x000000076eb00000,0x000000076f580000)
 ParOldGen       total 175104K, used 0K [0x00000006c0000000, 0x00000006cab00000, 0x000000076ab00000)
  object space 175104K, 0% used [0x00000006c0000000,0x00000006c0000000,0x00000006cab00000)
 Metaspace       used 11404K, capacity 11534K, committed 11776K, reserved 1058816K
  class space    used 1400K, capacity 1477K, committed 1536K, reserved 1048576K
Event: 1.000 GC heap after
Heap after GC invocations=1 (full 0):
 PSYoungGen      total 76288K, used 9973K [0x000000076ab00000, 0x0000000774000000, 0x00000007c0000000)
  eden space 65536K, 0% used [0x000000076ab00000,0x000000076ab00000,0x000000076eb00000)
  from space 10752K, 92% used [0x000000076eb00000,0x000000076f4bd5e0,0x000000076f580000)
  to   space 10752K, 0% used [0x0000000773580000,0x0000000773580000,0x0000000774000000)
 ParOldGen       total 175104K, used 8K [0x00000006c0000000, 0x00000006cab00000, 0x000000076ab00000)
  object space 175104K, 0% used [0x00000006c0000000,0x00000006c0002000,0x00000006cab00000)
 Metaspace       used 11404K, capacity 11534K, committed 11776K, reserved 1058816K
  class space    used 1400K, capacity 1477K, committed 1536K, reserved 1048576K
}
Event: 2.454 GC heap before
{Heap before GC invocations=2 (full 0):
 PSYoungGen      total 76288K, used 75509K [0x000000076ab00000, 0x0000000774000000, 0x00000007c0000000)
  eden space 65536K, 100% used [0x000000076ab00000,0x000000076eb00000,0x000000076eb00000)
  from space 10752K, 92% used [0x000000076eb00000,0x000000076f4bd5e0,0x000000076f580000)
  to   space 10752K, 0% used [0x0000000773580000,0x0000000773580000,0x0000000774000000)
 ParOldGen       total 175104K, used 8K [0x00000006c0000000, 0x00000006cab00000, 0x000000076ab00000)
  object space 175104K, 0% used [0x00000006c0000000,0x00000006c0002000,0x00000006cab00000)
 Metaspace       used 16518K, capacity 16906K, committed 17280K, reserved 1064960K
  class space    used 1966K, capacity 2057K, committed 2176K, reserved 1048576K
Event: 2.487 GC heap after
Heap after GC invocations=2 (full 0):
 PSYoungGen      total 141824K, used 10107K [0x000000076ab00000, 0x0000000774000000, 0x00000007c0000000)
  eden space 131072K, 0% used [0x000000076ab00000,0x000000076ab00000,0x0000000772b00000)
  from space 10752K, 94% used [0x0000000773580000,0x0000000773f5ef68,0x0000000774000000)
  to   space 10752K, 0% used [0x0000000772b00000,0x0000000772b00000,0x0000000773580000)
 ParOldGen       total 175104K, used 8K [0x00000006c0000000, 0x00000006cab00000, 0x000000076ab00000)
  object space 175104K, 0% used [0x00000006c0000000,0x00000006c0002000,0x00000006cab00000)
 Metaspace       used 16518K, capacity 16906K, committed 17280K, reserved 1064960K
  class space    used 1966K, capacity 2057K, committed 2176K, reserved 1048576K
}
Event: 3.059 GC heap before
{Heap before GC invocations=3 (full 0):
 PSYoungGen      total 141824K, used 47562K [0x000000076ab00000, 0x0000000774000000, 0x00000007c0000000)
  eden space 131072K, 28% used [0x000000076ab00000,0x000000076cf93c78,0x0000000772b00000)
  from space 10752K, 94% used [0x0000000773580000,0x0000000773f5ef68,0x0000000774000000)
  to   space 10752K, 0% used [0x0000000772b00000,0x0000000772b00000,0x0000000773580000)
 ParOldGen       total 175104K, used 8K [0x00000006c0000000, 0x00000006cab00000, 0x000000076ab00000)
  object space 175104K, 0% used [0x00000006c0000000,0x00000006c0002000,0x00000006cab00000)
 Metaspace       used 20676K, capacity 21074K, committed 21296K, reserved 1069056K
  class space    used 2492K, capacity 2617K, committed 2688K, reserved 1048576K
Event: 3.100 GC heap after
Heap after GC invocations=3 (full 0):
 PSYoungGen      total 141824K, used 9175K [0x000000076ab00000, 0x000000077c000000, 0x00000007c0000000)
  eden space 131072K, 0% used [0x000000076ab00000,0x000000076ab00000,0x0000000772b00000)
  from space 10752K, 85% used [0x0000000772b00000,0x00000007733f5d90,0x0000000773580000)
  to   space 10752K, 0% used [0x000000077b580000,0x000000077b580000,0x000000077c000000)
 ParOldGen       total 175104K, used 16K [0x00000006c0000000, 0x00000006cab00000, 0x000000076ab00000)
  object space 175104K, 0% used [0x00000006c0000000,0x00000006c0004000,0x00000006cab00000)
 Metaspace       used 20676K, capacity 21074K, committed 21296K, reserved 1069056K
  class space    used 2492K, capacity 2617K, committed 2688K, reserved 1048576K
}
Event: 3.100 GC heap before
{Heap before GC invocations=4 (full 1):
 PSYoungGen      total 141824K, used 9175K [0x000000076ab00000, 0x000000077c000000, 0x00000007c0000000)
  eden space 131072K, 0% used [0x000000076ab00000,0x000000076ab00000,0x0000000772b00000)
  from space 10752K, 85% used [0x0000000772b00000,0x00000007733f5d90,0x0000000773580000)
  to   space 10752K, 0% used [0x000000077b580000,0x000000077b580000,0x000000077c000000)
 ParOldGen       total 175104K, used 16K [0x00000006c0000000, 0x00000006cab00000, 0x000000076ab00000)
  object space 175104K, 0% used [0x00000006c0000000,0x00000006c0004000,0x00000006cab00000)
 Metaspace       used 20676K, capacity 21074K, committed 21296K, reserved 1069056K
  class space    used 2492K, capacity 2617K, committed 2688K, reserved 1048576K
Event: 3.128 GC heap after
Heap after GC invocations=4 (full 1):
 PSYoungGen      total 141824K, used 0K [0x000000076ab00000, 0x000000077c000000, 0x00000007c0000000)
  eden space 131072K, 0% used [0x000000076ab00000,0x000000076ab00000,0x0000000772b00000)
  from space 10752K, 0% used [0x0000000772b00000,0x0000000772b00000,0x0000000773580000)
  to   space 10752K, 0% used [0x000000077b580000,0x000000077b580000,0x000000077c000000)
 ParOldGen       total 88064K, used 8995K [0x00000006c0000000, 0x00000006c5600000, 0x000000076ab00000)
  object space 88064K, 10% used [0x00000006c0000000,0x00000006c08c8d00,0x00000006c5600000)
 Metaspace       used 20676K, capacity 21074K, committed 21296K, reserved 1069056K
  class space    used 2492K, capacity 2617K, committed 2688K, reserved 1048576K
}

Deoptimization events (10 events):
Event: 4.858 Thread 0x00007fc89d009000 Uncommon trap: reason=bimorphic action=maybe_recompile pc=0x0000000110eacc4c method=com.sun.tools.javac.code.Type.containsAny(Lcom/sun/tools/javac/util/List;)Z @ 26
Event: 4.881 Thread 0x00007fc89d009000 Uncommon trap: reason=speculate_class_check action=maybe_recompile pc=0x0000000110109760 method=com.sun.tools.javac.code.Type.hasTag(Lcom/sun/tools/javac/code/TypeTag;)Z @ 2
Event: 4.898 Thread 0x00007fc89d009000 Uncommon trap: reason=unstable_if action=reinterpret pc=0x0000000110eae6b0 method=com.sun.tools.javac.code.Type$ClassType.getTypeArguments()Lcom/sun/tools/javac/util/List; @ 15
Event: 5.022 Thread 0x00007fc89d009000 Uncommon trap: reason=class_check action=maybe_recompile pc=0x0000000110f02ff0 method=com.sun.tools.javac.comp.Check.checkType(Lcom/sun/tools/javac/util/JCDiagnostic$DiagnosticPosition;Lcom/sun/tools/javac/code/Type;Lcom/sun/tools/javac/code/Type;Lcom/sun
Event: 5.029 Thread 0x00007fc89d009000 Uncommon trap: reason=unstable_if action=reinterpret pc=0x0000000110b87500 method=com.sun.tools.javac.jvm.ClassReader.sigToType()Lcom/sun/tools/javac/code/Type; @ 697
Event: 5.030 Thread 0x00007fc89d009000 Uncommon trap: reason=bimorphic action=maybe_recompile pc=0x0000000110f03014 method=com.sun.tools.javac.comp.Check.checkType(Lcom/sun/tools/javac/util/JCDiagnostic$DiagnosticPosition;Lcom/sun/tools/javac/code/Type;Lcom/sun/tools/javac/code/Type;Lcom/sun/t
Event: 5.070 Thread 0x00007fc89d009000 Uncommon trap: reason=class_check action=maybe_recompile pc=0x0000000110f02ff0 method=com.sun.tools.javac.comp.Check.checkType(Lcom/sun/tools/javac/util/JCDiagnostic$DiagnosticPosition;Lcom/sun/tools/javac/code/Type;Lcom/sun/tools/javac/code/Type;Lcom/sun
Event: 5.070 Thread 0x00007fc89d009000 Uncommon trap: reason=class_check action=maybe_recompile pc=0x0000000110f02ff0 method=com.sun.tools.javac.comp.Check.checkType(Lcom/sun/tools/javac/util/JCDiagnostic$DiagnosticPosition;Lcom/sun/tools/javac/code/Type;Lcom/sun/tools/javac/code/Type;Lcom/sun
Event: 5.071 Thread 0x00007fc89d009000 Uncommon trap: reason=class_check action=maybe_recompile pc=0x0000000110f02ff0 method=com.sun.tools.javac.comp.Check.checkType(Lcom/sun/tools/javac/util/JCDiagnostic$DiagnosticPosition;Lcom/sun/tools/javac/code/Type;Lcom/sun/tools/javac/code/Type;Lcom/sun
Event: 5.095 Thread 0x00007fc89d009000 Uncommon trap: reason=unstable_if action=reinterpret pc=0x0000000110e36794 method=com.sun.tools.javac.code.Scope.lookup(Lcom/sun/tools/javac/util/Name;Lcom/sun/tools/javac/util/Filter;)Lcom/sun/tools/javac/code/Scope$Entry; @ 19

Classes redefined (0 events):
No events

Internal exceptions (10 events):
Event: 1.429 Thread 0x00007fc89d009000 Exception <a 'java/lang/NullPointerException'> (0x000000076bc24770) thrown at [/Users/jenkins/workspace/build-scripts/jobs/jdk8u/jdk8u-mac-x64-hotspot/workspace/build/src/hotspot/src/share/vm/interpreter/linkResolver.cpp, line 1185]
Event: 1.429 Thread 0x00007fc89d009000 Exception <a 'java/lang/NullPointerException'> (0x000000076bc24988) thrown at [/Users/jenkins/workspace/build-scripts/jobs/jdk8u/jdk8u-mac-x64-hotspot/workspace/build/src/hotspot/src/share/vm/interpreter/linkResolver.cpp, line 1185]
Event: 1.451 Thread 0x00007fc89d009000 Implicit null exception at 0x00000001102a5975 to 0x00000001102a5d21
Event: 1.451 Thread 0x00007fc89d009000 Implicit null exception at 0x0000000110222b76 to 0x0000000110222f59
Event: 1.654 Thread 0x00007fc89d009000 Implicit null exception at 0x0000000110602003 to 0x0000000110602a01
Event: 1.960 Thread 0x00007fc89d009000 Implicit null exception at 0x0000000110394ff5 to 0x0000000110395205
Event: 1.963 Thread 0x00007fc89d009000 Implicit null exception at 0x000000011032bfef to 0x000000011032c059
Event: 2.926 Thread 0x00007fc89d009000 Exception <a 'java/lang/ClassNotFoundException': com/sun/tools/javac/api/JavacTool> (0x000000076c464698) thrown at [/Users/jenkins/workspace/build-scripts/jobs/jdk8u/jdk8u-mac-x64-hotspot/workspace/build/src/hotspot/src/share/vm/classfile/systemDictionary
Event: 3.352 Thread 0x00007fc89d009000 Exception <a 'java/io/FileNotFoundException'> (0x000000076b401fb8) thrown at [/Users/jenkins/workspace/build-scripts/jobs/jdk8u/jdk8u-mac-x64-hotspot/workspace/build/src/hotspot/src/share/vm/prims/jni.cpp, line 711]
Event: 3.360 Thread 0x00007fc89d009000 Exception <a 'java/io/FileNotFoundException'> (0x000000076b45ead8) thrown at [/Users/jenkins/workspace/build-scripts/jobs/jdk8u/jdk8u-mac-x64-hotspot/workspace/build/src/hotspot/src/share/vm/prims/jni.cpp, line 711]

Events (10 events):
Event: 5.157 loading class com/sun/tools/javac/code/Kinds
Event: 5.157 loading class com/sun/tools/javac/code/Kinds done
Event: 5.157 loading class com/sun/tools/javac/code/Kinds$1
Event: 5.157 loading class com/sun/tools/javac/code/Kinds$1 done
Event: 5.157 loading class com/sun/tools/javac/code/Kinds$KindName
Event: 5.157 loading class com/sun/tools/javac/code/Kinds$KindName done
Event: 5.190 Executing VM operation: ForceSafepoint
Event: 5.191 Executing VM operation: ForceSafepoint done
Event: 5.373 Executing VM operation: ForceSafepoint
Event: 5.374 Executing VM operation: ForceSafepoint done


Dynamic libraries:
0x00007ffdffefc000 	/Library/Apple/usr/libexec/oah/runtime
0x00007fff352d7000 	/System/Library/Frameworks/Cocoa.framework/Versions/A/Cocoa
0x00007fff2217c000 	/System/Library/Frameworks/Security.framework/Versions/A/Security
0x00007fff334d4000 	/System/Library/Frameworks/ApplicationServices.framework/Versions/A/ApplicationServices
0x00007fff2a625000 	/usr/lib/libz.1.dylib
0x00007fff2a6f1000 	/usr/lib/libSystem.B.dylib
0x00007fff2040d000 	/System/Library/Frameworks/CoreFoundation.framework/Versions/A/CoreFoundation
0x00007fff210ef000 	/System/Library/Frameworks/Foundation.framework/Versions/C/Foundation
0x00007fff2022c000 	/usr/lib/libobjc.A.dylib
0x00007fff22ba3000 	/System/Library/Frameworks/AppKit.framework/Versions/C/AppKit
0x00007fff25a61000 	/System/Library/Frameworks/CoreData.framework/Versions/A/CoreData
0x00007fff23906000 	/System/Library/PrivateFrameworks/UIFoundation.framework/Versions/A/UIFoundation
0x00007fff2feb3000 	/System/Library/PrivateFrameworks/RemoteViewServices.framework/Versions/A/RemoteViewServices
0x00007fff28c3d000 	/System/Library/PrivateFrameworks/XCTTargetBootstrap.framework/Versions/A/XCTTargetBootstrap
0x00007fff2b98f000 	/usr/lib/libspindump.dylib
0x00007fff23b5b000 	/System/Library/Frameworks/UniformTypeIdentifiers.framework/Versions/A/UniformTypeIdentifiers
0x00007fff27413000 	/usr/lib/libapp_launch_measurement.dylib
0x00007fff27416000 	/System/Library/PrivateFrameworks/CoreAutoLayout.framework/Versions/A/CoreAutoLayout
0x00007fff2859f000 	/System/Library/Frameworks/Metal.framework/Versions/A/Metal
0x00007fff29296000 	/usr/lib/liblangid.dylib
0x00007fff28c41000 	/System/Library/PrivateFrameworks/CoreSVG.framework/Versions/A/CoreSVG
0x00007fff24b42000 	/System/Library/PrivateFrameworks/SkyLight.framework/Versions/A/SkyLight
0x00007fff24ea9000 	/System/Library/Frameworks/CoreGraphics.framework/Versions/A/CoreGraphics
0x00007fff3050a000 	/System/Library/Frameworks/Accelerate.framework/Versions/A/Accelerate
0x00007fff2b3ca000 	/System/Library/PrivateFrameworks/IconServices.framework/Versions/A/IconServices
0x00007fff28584000 	/System/Library/Frameworks/IOSurface.framework/Versions/A/IOSurface
0x00007fff263f3000 	/usr/lib/libDiagnosticMessagesClient.dylib
0x00007fff28c29000 	/System/Library/PrivateFrameworks/DFRFoundation.framework/Versions/A/DFRFoundation
0x00007fff224ce000 	/usr/lib/libicucore.A.dylib
0x00007fff2ced4000 	/System/Library/Frameworks/AudioToolbox.framework/Versions/A/AudioToolbox
0x00007fff2c179000 	/System/Library/PrivateFrameworks/DataDetectorsCore.framework/Versions/A/DataDetectorsCore
0x00007fff28929000 	/System/Library/Frameworks/Carbon.framework/Versions/A/Frameworks/HIToolbox.framework/Versions/A/HIToolbox
0x00007fff26e6e000 	/System/Library/Frameworks/QuartzCore.framework/Versions/A/QuartzCore
0x00007fff2feef000 	/System/Library/Frameworks/Carbon.framework/Versions/A/Frameworks/SpeechRecognition.framework/Versions/A/SpeechRecognition
0x00007fff2717b000 	/System/Library/PrivateFrameworks/CoreUI.framework/Versions/A/CoreUI
0x00007fff21ad7000 	/System/Library/Frameworks/CoreAudio.framework/Versions/A/CoreAudio
0x00007fff264de000 	/System/Library/Frameworks/DiskArbitration.framework/Versions/A/DiskArbitration
0x00007fff2bd89000 	/System/Library/PrivateFrameworks/MultitouchSupport.framework/Versions/A/MultitouchSupport
0x00007fff2c170000 	/System/Library/PrivateFrameworks/InternationalSupport.framework/Versions/A/InternationalSupport
0x00007fff24ab6000 	/usr/lib/libenergytrace.dylib
0x00007fff22a9c000 	/System/Library/Frameworks/IOKit.framework/Versions/A/IOKit
0x00007fff3023c000 	/System/Library/Frameworks/CoreServices.framework/Versions/A/CoreServices
0x00007fff273a9000 	/System/Library/PrivateFrameworks/PerformanceAnalysis.framework/Versions/A/PerformanceAnalysis
0x00007fff6cbb1000 	/System/Library/Frameworks/OpenGL.framework/Versions/A/OpenGL
0x00007fff2c1f5000 	/System/Library/PrivateFrameworks/UserActivity.framework/Versions/A/UserActivity
0x00007fff25563000 	/System/Library/Frameworks/ColorSync.framework/Versions/A/ColorSync
0x00007fff28ead000 	/System/Library/Frameworks/CoreImage.framework/Versions/A/CoreImage
0x00007fff218ee000 	/System/Library/Frameworks/CoreText.framework/Versions/A/CoreText
0x00007fff28c6b000 	/System/Library/Frameworks/ImageIO.framework/Versions/A/ImageIO
0x00007fff2a6f7000 	/System/Library/PrivateFrameworks/SoftLinking.framework/Versions/A/SoftLinking
0x00007fff2745f000 	/usr/lib/libxml2.2.dylib
0x00007fff202f2000 	/usr/lib/libc++.1.dylib
0x00007fff2a969000 	/usr/lib/libcompression.dylib
0x00007fff24ab7000 	/usr/lib/libMobileGestalt.dylib
0x00007fff2c0a3000 	/System/Library/PrivateFrameworks/TextureIO.framework/Versions/A/TextureIO
0x00007fff2b057000 	/usr/lib/libate.dylib
0x00007fff2a6eb000 	/usr/lib/system/libcache.dylib
0x00007fff2a6a7000 	/usr/lib/system/libcommonCrypto.dylib
0x00007fff2a6d1000 	/usr/lib/system/libcompiler_rt.dylib
0x00007fff2a6c6000 	/usr/lib/system/libcopyfile.dylib
0x00007fff2011a000 	/usr/lib/system/libcorecrypto.dylib
0x00007fff201e7000 	/usr/lib/system/libdispatch.dylib
0x00007fff2039c000 	/usr/lib/system/libdyld.dylib
0x00007fff2a6e2000 	/usr/lib/system/libkeymgr.dylib
0x00007fff2dc86000 	/usr/lib/system/liblaunch.dylib
0x00007fff2a685000 	/usr/lib/system/libmacho.dylib
0x00007fff29e9a000 	/usr/lib/system/libquarantine.dylib
0x00007fff2a6df000 	/usr/lib/system/libremovefile.dylib
0x00007fff24b13000 	/usr/lib/system/libsystem_asl.dylib
0x00007fff200ca000 	/usr/lib/system/libsystem_blocks.dylib
0x00007fff20269000 	/usr/lib/system/libsystem_c.dylib
0x00007fff2a6d9000 	/usr/lib/system/libsystem_collections.dylib
0x00007fff29287000 	/usr/lib/system/libsystem_configuration.dylib
0x00007fff28573000 	/usr/lib/system/libsystem_containermanager.dylib
0x00007fff2a41d000 	/usr/lib/system/libsystem_coreservices.dylib
0x00007fff22730000 	/usr/lib/system/libsystem_darwin.dylib
0x00007fff2a6e3000 	/usr/lib/system/libsystem_dnssd.dylib
0x00007fff20266000 	/usr/lib/system/libsystem_featureflags.dylib
0x00007fff203e1000 	/usr/lib/system/libsystem_info.dylib
0x00007fff2a638000 	/usr/lib/system/libsystem_m.dylib
0x00007fff201ba000 	/usr/lib/system/libsystem_malloc.dylib
0x00007fff24aa7000 	/usr/lib/system/libsystem_networkextension.dylib
0x00007fff22b4b000 	/usr/lib/system/libsystem_notify.dylib
0x00007fff3013a000 	/usr/lib/system/libsystem_product_info_filter.dylib
0x00007fff2928b000 	/usr/lib/system/libsystem_sandbox.dylib
0x00007fff2a6dc000 	/usr/lib/system/libsystem_secinit.dylib
0x00007fff20361000 	/usr/lib/system/libsystem_kernel.dylib
0x00007fff203d7000 	/usr/lib/system/libsystem_platform.dylib
0x00007fff20390000 	/usr/lib/system/libsystem_pthread.dylib
0x00007fff26241000 	/usr/lib/system/libsystem_symptoms.dylib
0x00007fff20102000 	/usr/lib/system/libsystem_trace.dylib
0x00007fff2a6b3000 	/usr/lib/system/libunwind.dylib
0x00007fff200cc000 	/usr/lib/system/libxpc.dylib
0x00007fff20348000 	/usr/lib/libc++abi.dylib
0x00007fff2a6be000 	/usr/lib/liboah.dylib
0x00007fff2ad82000 	/usr/lib/liblzma.5.dylib
0x00007fff20e03000 	/System/Library/Frameworks/SystemConfiguration.framework/Versions/A/SystemConfiguration
0x00007fff2a6f3000 	/usr/lib/libfakelink.dylib
0x00007fff24609000 	/System/Library/Frameworks/CFNetwork.framework/Versions/A/CFNetwork
0x00007fff2a833000 	/usr/lib/libarchive.2.dylib
0x00007fff20e81000 	/usr/lib/libCRFSuite.dylib
0x00007fff29ec1000 	/usr/lib/libbsm.0.dylib
0x00007fff23fc5000 	/usr/lib/libnetwork.dylib
0x00007fff2a6f8000 	/usr/lib/libpcap.A.dylib
0x00007fff2623a000 	/usr/lib/libdns_services.dylib
0x00007fff2ad9b000 	/usr/lib/libcoretls_cfhelpers.dylib
0x00007fff2a937000 	/usr/lib/libapple_nghttp2.dylib
0x00007fff2a68b000 	/usr/lib/system/libkxld.dylib
0x00007fff25ea8000 	/usr/lib/libsqlite3.dylib
0x00007fff2a3ff000 	/System/Library/PrivateFrameworks/AppleFSCompression.framework/Versions/A/AppleFSCompression
0x00007fff29ea9000 	/usr/lib/libcoretls.dylib
0x00007fff2a964000 	/usr/lib/libpam.2.dylib
0x00007fff2ae98000 	/usr/lib/libxar.1.dylib
0x00007fff29292000 	/System/Library/PrivateFrameworks/AppleSystemInfo.framework/Versions/A/AppleSystemInfo
0x00007fff29aec000 	/System/Library/PrivateFrameworks/IOMobileFramebuffer.framework/Versions/A/IOMobileFramebuffer
0x00007fff2a40f000 	/usr/lib/libbz2.1.0.dylib
0x00007fff2a730000 	/usr/lib/libiconv.2.dylib
0x00007fff2a684000 	/usr/lib/libcharset.1.dylib
0x00007fff273e5000 	/System/Library/Frameworks/CoreServices.framework/Versions/A/Frameworks/FSEvents.framework/Versions/A/FSEvents
0x00007fff2273a000 	/System/Library/Frameworks/CoreServices.framework/Versions/A/Frameworks/CarbonCore.framework/Versions/A/CarbonCore
0x00007fff26443000 	/System/Library/Frameworks/CoreServices.framework/Versions/A/Frameworks/Metadata.framework/Versions/A/Metadata
0x00007fff2a422000 	/System/Library/Frameworks/CoreServices.framework/Versions/A/Frameworks/OSServices.framework/Versions/A/OSServices
0x00007fff2a8a5000 	/System/Library/Frameworks/CoreServices.framework/Versions/A/Frameworks/SearchKit.framework/Versions/A/SearchKit
0x00007fff261c4000 	/System/Library/Frameworks/CoreServices.framework/Versions/A/Frameworks/AE.framework/Versions/A/AE
0x00007fff208a9000 	/System/Library/Frameworks/CoreServices.framework/Versions/A/Frameworks/LaunchServices.framework/Versions/A/LaunchServices
0x00007fff2ad33000 	/System/Library/Frameworks/CoreServices.framework/Versions/A/Frameworks/DictionaryServices.framework/Versions/A/DictionaryServices
0x00007fff273ee000 	/System/Library/Frameworks/CoreServices.framework/Versions/A/Frameworks/SharedFileList.framework/Versions/A/SharedFileList
0x00007fff29e9d000 	/usr/lib/libCheckFix.dylib
0x00007fff24b2a000 	/System/Library/PrivateFrameworks/TCC.framework/Versions/A/TCC
0x00007fff29298000 	/System/Library/PrivateFrameworks/CoreNLP.framework/Versions/A/CoreNLP
0x00007fff263f6000 	/System/Library/PrivateFrameworks/MetadataUtilities.framework/Versions/A/MetadataUtilities
0x00007fff20eb7000 	/usr/lib/libmecabra.dylib
0x00007fff2a1b1000 	/System/Library/Frameworks/MLCompute.framework/Versions/A/MLCompute
0x00007fff29ed2000 	/usr/lib/libmecab.dylib
0x00007fff29f1c000 	/usr/lib/libgermantok.dylib
0x00007fff2a90d000 	/usr/lib/libThaiTokenizer.dylib
0x00007fff2aed3000 	/usr/lib/libChineseTokenizer.dylib
0x00007fff2a962000 	/System/Library/Frameworks/MetalPerformanceShaders.framework/Versions/A/MetalPerformanceShaders
0x00007fff264e5000 	/System/Library/Frameworks/Accelerate.framework/Versions/A/Frameworks/vImage.framework/Versions/A/vImage
0x00007fff30215000 	/System/Library/Frameworks/Accelerate.framework/Versions/A/Frameworks/vecLib.framework/Versions/A/vecLib
0x00007fff2aede000 	/System/Library/Frameworks/Accelerate.framework/Versions/A/Frameworks/vecLib.framework/Versions/A/libvMisc.dylib
0x00007fff29948000 	/System/Library/Frameworks/Accelerate.framework/Versions/A/Frameworks/vecLib.framework/Versions/A/libvDSP.dylib
0x00007fff20bad000 	/System/Library/Frameworks/Accelerate.framework/Versions/A/Frameworks/vecLib.framework/Versions/A/libBLAS.dylib
0x00007fff2a988000 	/System/Library/Frameworks/Accelerate.framework/Versions/A/Frameworks/vecLib.framework/Versions/A/libLAPACK.dylib
0x00007fff29f22000 	/System/Library/Frameworks/Accelerate.framework/Versions/A/Frameworks/vecLib.framework/Versions/A/libLinearAlgebra.dylib
0x00007fff2a94f000 	/System/Library/Frameworks/Accelerate.framework/Versions/A/Frameworks/vecLib.framework/Versions/A/libSparseBLAS.dylib
0x00007fff2a982000 	/System/Library/Frameworks/Accelerate.framework/Versions/A/Frameworks/vecLib.framework/Versions/A/libQuadrature.dylib
0x00007fff29340000 	/System/Library/Frameworks/Accelerate.framework/Versions/A/Frameworks/vecLib.framework/Versions/A/libBNNS.dylib
0x00007fff20d94000 	/System/Library/Frameworks/Accelerate.framework/Versions/A/Frameworks/vecLib.framework/Versions/A/libSparse.dylib
0x00007fff2922b000 	/System/Library/Frameworks/MetalPerformanceShaders.framework/Versions/A/Frameworks/MPSCore.framework/Versions/A/MPSCore
0x00007fff2a36e000 	/System/Library/Frameworks/MetalPerformanceShaders.framework/Versions/A/Frameworks/MPSImage.framework/Versions/A/MPSImage
0x00007fff29f39000 	/System/Library/Frameworks/MetalPerformanceShaders.framework/Versions/A/Frameworks/MPSNeuralNetwork.framework/Versions/A/MPSNeuralNetwork
0x00007fff2a2f9000 	/System/Library/Frameworks/MetalPerformanceShaders.framework/Versions/A/Frameworks/MPSMatrix.framework/Versions/A/MPSMatrix
0x00007fff2a161000 	/System/Library/Frameworks/MetalPerformanceShaders.framework/Versions/A/Frameworks/MPSRayIntersector.framework/Versions/A/MPSRayIntersector
0x00007fff2a330000 	/System/Library/Frameworks/MetalPerformanceShaders.framework/Versions/A/Frameworks/MPSNDArray.framework/Versions/A/MPSNDArray
0x00007fff20ad9000 	/System/Library/PrivateFrameworks/MetalTools.framework/Versions/A/MetalTools
0x00007fff29290000 	/System/Library/PrivateFrameworks/AggregateDictionary.framework/Versions/A/AggregateDictionary
0x00007fff263ce000 	/System/Library/PrivateFrameworks/CoreAnalytics.framework/Versions/A/CoreAnalytics
0x00007fff2a90f000 	/System/Library/PrivateFrameworks/AppleSauce.framework/Versions/A/AppleSauce
0x00007fff28596000 	/System/Library/PrivateFrameworks/IOAccelerator.framework/Versions/A/IOAccelerator
0x00007fff6cba5000 	/System/Library/Frameworks/OpenGL.framework/Versions/A/Libraries/libCoreFSCache.dylib
0x00007fff21453000 	/System/Library/PrivateFrameworks/LanguageModeling.framework/Versions/A/LanguageModeling
0x00007fff29ad9000 	/System/Library/PrivateFrameworks/CoreEmoji.framework/Versions/A/CoreEmoji
0x00007fff29339000 	/System/Library/PrivateFrameworks/LinguisticData.framework/Versions/A/LinguisticData
0x00007fff20d46000 	/System/Library/PrivateFrameworks/Lexicon.framework/Versions/A/Lexicon
0x00007fff2a821000 	/usr/lib/libcmph.dylib
0x00007fff273c5000 	/System/Library/Frameworks/OpenDirectory.framework/Versions/A/Frameworks/CFOpenDirectory.framework/Versions/A/CFOpenDirectory
0x00007fff273b5000 	/System/Library/Frameworks/OpenDirectory.framework/Versions/A/OpenDirectory
0x00007fff2ad9d000 	/System/Library/PrivateFrameworks/APFS.framework/Versions/A/APFS
0x00007fff29dfe000 	/System/Library/Frameworks/SecurityFoundation.framework/Versions/A/SecurityFoundation
0x00007fff2aea6000 	/usr/lib/libutil.dylib
0x00007fff22a61000 	/System/Library/PrivateFrameworks/CoreServicesStore.framework/Versions/A/CoreServicesStore
0x00007fff29e95000 	/System/Library/Frameworks/ServiceManagement.framework/Versions/A/ServiceManagement
0x00007fff2aeaa000 	/usr/lib/libxslt.1.dylib
0x00007fff29e8b000 	/System/Library/PrivateFrameworks/BackgroundTaskManagement.framework/Versions/A/BackgroundTaskManagement
0x00007fff2bfee000 	/System/Library/Frameworks/ImageIO.framework/Versions/A/Resources/libRadiance.dylib
0x00007fff2bff7000 	/System/Library/Frameworks/ImageIO.framework/Versions/A/Resources/libJPEG.dylib
0x00007fff2bf43000 	/System/Library/Frameworks/ImageIO.framework/Versions/A/Resources/libPng.dylib
0x00007fff2bf6a000 	/System/Library/Frameworks/ImageIO.framework/Versions/A/Resources/libTIFF.dylib
0x00007fff2c04c000 	/System/Library/Frameworks/ImageIO.framework/Versions/A/Resources/libGIF.dylib
0x00007fff2bca7000 	/System/Library/Frameworks/ImageIO.framework/Versions/A/Resources/libJP2.dylib
0x00007fff2b391000 	/usr/lib/libexpat.1.dylib
0x00007fff2bc5c000 	/System/Library/PrivateFrameworks/AppleJPEG.framework/Versions/A/AppleJPEG
0x00007fff287cc000 	/System/Library/PrivateFrameworks/FontServices.framework/libFontParser.dylib
0x00007fff26178000 	/System/Library/PrivateFrameworks/RunningBoardServices.framework/Versions/A/RunningBoardServices
0x00007fff2bd85000 	/System/Library/PrivateFrameworks/WatchdogClient.framework/Versions/A/WatchdogClient
0x00007fff21540000 	/System/Library/Frameworks/CoreDisplay.framework/Versions/A/CoreDisplay
0x00007fff286e2000 	/System/Library/Frameworks/CoreMedia.framework/Versions/A/CoreMedia
0x00007fff27542000 	/System/Library/Frameworks/CoreVideo.framework/Versions/A/CoreVideo
0x00007fff2bdbd000 	/System/Library/Frameworks/VideoToolbox.framework/Versions/A/VideoToolbox
0x00007fff260f6000 	/System/Library/PrivateFrameworks/BaseBoard.framework/Versions/A/BaseBoard
0x00007fff2b4d6000 	/System/Library/PrivateFrameworks/PersistentConnection.framework/Versions/A/PersistentConnection
0x00007fff25e91000 	/System/Library/PrivateFrameworks/ProtocolBuffer.framework/Versions/A/ProtocolBuffer
0x00007fff260dd000 	/System/Library/PrivateFrameworks/CommonUtilities.framework/Versions/A/CommonUtilities
0x00007fff2bbf1000 	/System/Library/PrivateFrameworks/Bom.framework/Versions/A/Bom
0x00007fff2bfe7000 	/System/Library/PrivateFrameworks/GPUWrangler.framework/Versions/A/GPUWrangler
0x00007fff2bfca000 	/System/Library/PrivateFrameworks/IOPresentment.framework/Versions/A/IOPresentment
0x00007fff2bff1000 	/System/Library/PrivateFrameworks/DSExternalDisplay.framework/Versions/A/DSExternalDisplay
0x00007fff2c051000 	/System/Library/PrivateFrameworks/CMCaptureCore.framework/Versions/A/CMCaptureCore
0x00007fff2b976000 	/System/Library/PrivateFrameworks/AppServerSupport.framework/Versions/A/AppServerSupport
0x00007fff2da25000 	/System/Library/PrivateFrameworks/perfdata.framework/Versions/A/perfdata
0x00007fff29ded000 	/System/Library/PrivateFrameworks/AssertionServices.framework/Versions/A/AssertionServices
0x00007fff21677000 	/System/Library/PrivateFrameworks/AudioToolboxCore.framework/Versions/A/AudioToolboxCore
0x00007fff286c5000 	/System/Library/PrivateFrameworks/caulk.framework/Versions/A/caulk
0x00007fff3d6d0000 	/System/Library/PrivateFrameworks/SystemPolicy.framework/Versions/A/SystemPolicy
0x00007fff2b186000 	/usr/lib/libIOReport.dylib
0x00007fff2d247000 	/usr/lib/libSMC.dylib
0x00007fff2bf10000 	/usr/lib/libAudioToolboxUtility.dylib
0x00007fff3e03a000 	/usr/lib/libmis.dylib
0x00007fff6cc01000 	/System/Library/Frameworks/OpenGL.framework/Versions/A/Libraries/libGLU.dylib
0x00007fff6cbc4000 	/System/Library/Frameworks/OpenGL.framework/Versions/A/Libraries/libGFXShared.dylib
0x00007fff6cdd3000 	/System/Library/Frameworks/OpenGL.framework/Versions/A/Libraries/libGL.dylib
0x00007fff6cbcd000 	/System/Library/Frameworks/OpenGL.framework/Versions/A/Libraries/libGLImage.dylib
0x00007fff6cbc1000 	/System/Library/Frameworks/OpenGL.framework/Versions/A/Libraries/libCVMSPluginSupport.dylib
0x00007fff6cbac000 	/System/Library/Frameworks/OpenGL.framework/Versions/A/Libraries/libCoreVMClient.dylib
0x00007fff6e214000 	/System/Library/Frameworks/OpenCL.framework/Versions/A/OpenCL
0x00007fff2b500000 	/System/Library/PrivateFrameworks/GraphVisualizer.framework/Versions/A/GraphVisualizer
0x00007fff2b50f000 	/System/Library/PrivateFrameworks/FaceCore.framework/Versions/A/FaceCore
0x00007fff2b92b000 	/System/Library/PrivateFrameworks/OTSVG.framework/Versions/A/OTSVG
0x00007fff27139000 	/System/Library/Frameworks/ApplicationServices.framework/Versions/A/Frameworks/ATS.framework/Versions/A/Resources/libFontRegistry.dylib
0x00007fff2b97d000 	/System/Library/PrivateFrameworks/FontServices.framework/libhvf.dylib
0x00007fff2b33d000 	/System/Library/PrivateFrameworks/AppleVA.framework/Versions/A/AppleVA
0x00007fff2d090000 	/System/Library/Frameworks/ApplicationServices.framework/Versions/A/Frameworks/ATS.framework/Versions/A/ATS
0x00007fff2d3a2000 	/System/Library/Frameworks/ApplicationServices.framework/Versions/A/Frameworks/ColorSyncLegacy.framework/Versions/A/ColorSyncLegacy
0x00007fff2565a000 	/System/Library/Frameworks/ApplicationServices.framework/Versions/A/Frameworks/HIServices.framework/Versions/A/HIServices
0x00007fff2d387000 	/System/Library/Frameworks/ApplicationServices.framework/Versions/A/Frameworks/LangAnalysis.framework/Versions/A/LangAnalysis
0x00007fff2c05b000 	/System/Library/Frameworks/ApplicationServices.framework/Versions/A/Frameworks/PrintCore.framework/Versions/A/PrintCore
0x00007fff2d3aa000 	/System/Library/Frameworks/ApplicationServices.framework/Versions/A/Frameworks/QD.framework/Versions/A/QD
0x00007fff2d080000 	/System/Library/Frameworks/ApplicationServices.framework/Versions/A/Frameworks/SpeechSynthesis.framework/Versions/A/SpeechSynthesis
0x00007fff2c01c000 	/System/Library/Frameworks/ApplicationServices.framework/Versions/A/Frameworks/ATSUI.framework/Versions/A/ATSUI
0x00007fff2d327000 	/usr/lib/libcups.2.dylib
0x00007fff2d397000 	/System/Library/PrivateFrameworks/NetAuth.framework/Versions/A/NetAuth
0x00007fff2da41000 	/System/Library/Frameworks/Kerberos.framework/Versions/A/Kerberos
0x00007fff2da51000 	/System/Library/Frameworks/GSS.framework/Versions/A/GSS
0x00007fff2d0fc000 	/usr/lib/libresolv.9.dylib
0x00007fff2b992000 	/System/Library/PrivateFrameworks/Heimdal.framework/Versions/A/Heimdal
0x00007fff337d5000 	/System/Library/Frameworks/Kerberos.framework/Versions/A/Libraries/libHeimdalProxy.dylib
0x00007fff26249000 	/System/Library/Frameworks/Network.framework/Versions/A/Network
0x00007fff2b3ab000 	/usr/lib/libheimdal-asn1.dylib
0x00007fff2daa1000 	/System/Library/PrivateFrameworks/CommonAuth.framework/Versions/A/CommonAuth
0x00007fff2758f000 	/System/Library/PrivateFrameworks/login.framework/Versions/A/Frameworks/loginsupport.framework/Versions/A/loginsupport
0x00007fff2d005000 	/System/Library/PrivateFrameworks/AudioSession.framework/Versions/A/AudioSession
0x00007fff2d06d000 	/usr/lib/libAudioStatistics.dylib
0x00007fff2b438000 	/System/Library/PrivateFrameworks/MediaExperience.framework/Versions/A/MediaExperience
0x00007fff2cea2000 	/System/Library/PrivateFrameworks/AudioSession.framework/libSessionUtility.dylib
0x00007fff2da32000 	/usr/lib/libperfcheck.dylib
0x00007fff2d3b6000 	/System/Library/PrivateFrameworks/AudioResourceArbitration.framework/Versions/A/AudioResourceArbitration
0x00007fff2b3b5000 	/System/Library/PrivateFrameworks/IconFoundation.framework/Versions/A/IconFoundation
0x00007fff2fedf000 	/System/Library/PrivateFrameworks/SpeechRecognitionCore.framework/Versions/A/SpeechRecognitionCore
0x00007fff5dfff000 	/System/Library/CoreServices/Encodings/libSimplifiedChineseConverter.dylib
0x000000010e800000 	/Users/wu/Apps/jdk8u282-b08/Contents/Home/jre/lib/server/libjvm.dylib
0x000000010a33e000 	/Users/wu/Apps/jdk8u282-b08/Contents/Home/jre/lib/libverify.dylib
0x000000010a363000 	/Users/wu/Apps/jdk8u282-b08/Contents/Home/jre/lib/libjava.dylib
0x000000010a428000 	/Users/wu/Apps/jdk8u282-b08/Contents/Home/jre/lib/libzip.dylib
0x000000012ad2f000 	/Users/wu/Apps/jdk8u282-b08/Contents/Home/jre/lib/libnio.dylib
0x000000012ad5a000 	/Users/wu/Apps/jdk8u282-b08/Contents/Home/jre/lib/libnet.dylib
0x000000012ae8c000 	/Users/wu/Apps/apache-maven-3.6.3/lib/jansi-native/osx/libjansi.jnilib

VM Arguments:
jvm_args: -Dclassworlds.conf=/Users/wu/Apps/apache-maven-3.6.3/bin/m2.conf -Dmaven.home=/Users/wu/Apps/apache-maven-3.6.3 -Dlibrary.jansi.path=/Users/wu/Apps/apache-maven-3.6.3/lib/jansi-native -Dmaven.multiModuleProjectDirectory=/Users/wu/GitLab/quickstart/kafka 
java_command: org.codehaus.plexus.classworlds.launcher.Launcher clean compile
java_class_path (initial): /Users/wu/Apps/apache-maven-3.6.3/boot/plexus-classworlds-2.6.0.jar
Launcher Type: SUN_STANDARD

Environment Variables:
JAVA_HOME=/Users/wu/Apps/jdk8u282-b08/Contents/Home
PATH=/opt/homebrew/bin:/opt/homebrew/sbin:/usr/local/bin:/usr/bin:/bin:/usr/sbin:/sbin:/Users/wu/Apps/jdk8u282-b08/Contents/Home/bin:/Users/wu/Apps/apache-maven-3.6.3/bin
SHELL=/bin/zsh

Signal Handlers:
SIGSEGV: [libjvm.dylib+0x597a91], sa_mask[0]=11111111111111111111111111111111, sa_flags=SA_ONSTACK|SA_RESTART|SA_SIGINFO
SIGBUS: [libjvm.dylib+0x597a91], sa_mask[0]=11111111111111111111111111111111, sa_flags=SA_RESTART|SA_SIGINFO
SIGFPE: [libjvm.dylib+0x48ba83], sa_mask[0]=11111111111111111111111111111111, sa_flags=SA_RESTART|SA_SIGINFO
SIGPIPE: [libjvm.dylib+0x48ba83], sa_mask[0]=11111111111111111111111111111111, sa_flags=SA_RESTART|SA_SIGINFO
SIGXFSZ: [libjvm.dylib+0x48ba83], sa_mask[0]=11111111111111111111111111111111, sa_flags=SA_RESTART|SA_SIGINFO
SIGILL: [libjvm.dylib+0x48ba83], sa_mask[0]=11111111111111111111111111111111, sa_flags=SA_RESTART|SA_SIGINFO
SIGUSR1: SIG_DFL, sa_mask[0]=00000000000000000000000000000000, sa_flags=SA_RESTART
SIGUSR2: [libjvm.dylib+0x48c37a], sa_mask[0]=00000000000000000000000000000000, sa_flags=SA_RESTART|SA_SIGINFO
SIGHUP: [libjvm.dylib+0x48a579], sa_mask[0]=11111111111111111111111111111111, sa_flags=SA_RESTART|SA_SIGINFO
SIGINT: [libjvm.dylib+0x48a579], sa_mask[0]=11111111111111111111111111111111, sa_flags=SA_RESTART|SA_SIGINFO
SIGTERM: [libjvm.dylib+0x48a579], sa_mask[0]=11111111111111111111111111111111, sa_flags=SA_RESTART|SA_SIGINFO
SIGQUIT: [libjvm.dylib+0x48a579], sa_mask[0]=11111111111111111111111111111111, sa_flags=SA_RESTART|SA_SIGINFO


---------------  S Y S T E M  ---------------

OS:Bsduname:Darwin 20.3.0 Darwin Kernel Version 20.3.0: Thu Jan 21 00:06:51 PST 2021; root:xnu-7195.81.3~1/RELEASE_ARM64_T8101 x86_64
rlimit: STACK 8176k, CORE 0k, NPROC 2666, NOFILE 10240, AS infinity
load average:1.98 2.05 2.06

CPU:total 8 (initial active 8) (1 cores per cpu, 1 threads per core) family 6 model 44 stepping 0, cmov, cx8, fxsr, mmx, sse, sse2, sse3, ssse3, sse4.1, sse4.2, popcnt, aes, clmul, tsc, tscinvbit, tscinv

Memory: 4k page, physical 16777216k(82672k free)

/proc/meminfo:


vm_info: OpenJDK 64-Bit Server VM (25.282-b08) for bsd-amd64 JRE (1.8.0_282-b08), built on Jan 20 2021 11:47:40 by "jenkins" with gcc 4.2.1 Compatible Apple LLVM 10.0.1 (clang-1001.0.46.4)

time: Sun Feb 28 12:59:57 2021
timezone: CST
elapsed time: 5.536100 seconds (0d 0h 0m 5s)

